<?xml version="1.0" encoding="UTF-8"?>
<!-- Generated by org.testng.reporters.JUnitReportReporter -->
<testsuite skipped="0" hostname="Admin-PC" name="ZRestAssureApiTesting.ApiAutomation.JiraRestApi" tests="1" failures="0" timestamp="2021-02-24T16:09:31 IST" time="82.655" errors="0">
  <testcase name="jiraRestApi" time="82.655" classname="ZRestAssureApiTesting.ApiAutomation.JiraRestApi"/>
  <system-out/>
</testsuite> <!-- ZRestAssureApiTesting.ApiAutomation.JiraRestApi -->
