<?xml version="1.0" encoding="UTF-8"?>
<!-- Generated by org.testng.reporters.JUnitReportReporter -->
<testsuite skipped="0" hostname="Admin-PC" name="ZRestAssureApiTesting.ApiAutomation.LibraryApiTest" tests="1" failures="0" timestamp="2021-02-23T12:35:30 IST" time="5.838" errors="0">
  <testcase name="libApi" time="5.838" classname="ZRestAssureApiTesting.ApiAutomation.LibraryApiTest"/>
  <system-out/>
</testsuite> <!-- ZRestAssureApiTesting.ApiAutomation.LibraryApiTest -->
