<?xml version="1.0" encoding="UTF-8"?>
<!-- Generated by org.testng.reporters.JUnitReportReporter -->
<testsuite skipped="0" hostname="Admin-PC" name="ZRestAssureApiTesting.ApiAutomation.post_request" tests="1" failures="0" timestamp="2021-02-22T14:18:16 IST" time="17.985" errors="0">
  <testcase name="post_check" time="17.985" classname="ZRestAssureApiTesting.ApiAutomation.post_request"/>
  <system-out/>
</testsuite> <!-- ZRestAssureApiTesting.ApiAutomation.post_request -->
