<?xml version="1.0" encoding="UTF-8"?>
<!-- Generated by org.testng.reporters.JUnitReportReporter -->
<testsuite skipped="0" hostname="Admin-PC" name="deserialization.Des" tests="1" failures="0" timestamp="2021-03-01T21:31:12 IST" time="10.374" errors="0">
  <testcase name="deserialization" time="10.374" classname="deserialization.Des"/>
  <system-out/>
</testsuite> <!-- deserialization.Des -->
