<?xml version="1.0" encoding="UTF-8"?>
<!-- Generated by org.testng.reporters.JUnitReportReporter -->
<testsuite skipped="0" hostname="Admin-PC" name="mockJson.DemoJson" tests="1" failures="0" timestamp="2021-02-22T21:57:07 IST" time="2.958" errors="0">
  <testcase name="checkParsing" time="2.958" classname="mockJson.DemoJson"/>
  <system-out/>
</testsuite> <!-- mockJson.DemoJson -->
